<?xml version="1.0" encoding="UTF-8"?>
<testng-results ignored="2" total="5" passed="3" failed="0" skipped="0">
  <reporter-output>
  </reporter-output>
  <suite started-at="2023-10-17T15:22:45 IST" name="Suite" finished-at="2023-10-17T15:23:05 IST" duration-ms="19179">
    <groups>
      <group name="Purchase">
        <method signature="OrderAProduct.SubmitOrd(java.util.HashMap)[pri:0, instance:com.Tests.OrderAProduct@7857fe2]" name="SubmitOrd" class="com.Tests.OrderAProduct"/>
      </group> <!-- Purchase -->
      <group name="ErrorHandling">
        <method signature="ErrorValidation.LoginErrorValidation()[pri:0, instance:com.Tests.ErrorValidation@5b247367]" name="LoginErrorValidation" class="com.Tests.ErrorValidation"/>
      </group> <!-- ErrorHandling -->
    </groups>
    <test started-at="2023-10-17T15:22:45 IST" name="ErrorValidationTest" finished-at="2023-10-17T15:22:51 IST" duration-ms="5941">
      <class name="com.Tests.ErrorValidation">
        <test-method is-config="true" signature="launchApp()[pri:0, instance:com.Tests.ErrorValidation@5b247367]" started-at="2023-10-17T15:22:46 IST" name="launchApp" finished-at="2023-10-17T15:22:50 IST" duration-ms="4756" status="PASS">
          <reporter-output>
          </reporter-output>
        </test-method> <!-- launchApp -->
        <test-method signature="LoginErrorValidation()[pri:0, instance:com.Tests.ErrorValidation@5b247367]" started-at="2023-10-17T15:22:50 IST" name="LoginErrorValidation" finished-at="2023-10-17T15:22:51 IST" duration-ms="1064" status="PASS">
          <reporter-output>
          </reporter-output>
        </test-method> <!-- LoginErrorValidation -->
        <test-method is-config="true" signature="end()[pri:0, instance:com.Tests.ErrorValidation@5b247367]" started-at="2023-10-17T15:22:51 IST" name="end" finished-at="2023-10-17T15:22:51 IST" duration-ms="78" status="PASS">
          <reporter-output>
          </reporter-output>
        </test-method> <!-- end -->
      </class> <!-- com.Tests.ErrorValidation -->
    </test> <!-- ErrorValidationTest -->
    <test started-at="2023-10-17T15:22:45 IST" name="OrderAProduct" finished-at="2023-10-17T15:23:05 IST" duration-ms="19179">
      <class name="com.Tests.OrderAProduct">
        <test-method is-config="true" signature="launchApp()[pri:0, instance:com.Tests.OrderAProduct@7857fe2]" started-at="2023-10-17T15:22:46 IST" name="launchApp" finished-at="2023-10-17T15:22:51 IST" duration-ms="4762" status="PASS">
          <reporter-output>
          </reporter-output>
        </test-method> <!-- launchApp -->
        <test-method signature="SubmitOrd(java.util.HashMap)[pri:0, instance:com.Tests.OrderAProduct@7857fe2]" started-at="2023-10-17T15:22:51 IST" name="SubmitOrd" data-provider="getData" finished-at="2023-10-17T15:22:57 IST" duration-ms="5926" status="PASS">
          <params>
            <param index="0">
              <value>
                <![CDATA[{password=Sampler@123, product=ADIDAS ORIGINAL, email=Sampler123@gmail.com}]]>
              </value>
            </param>
          </params>
          <reporter-output>
          </reporter-output>
        </test-method> <!-- SubmitOrd -->
        <test-method is-config="true" signature="end()[pri:0, instance:com.Tests.OrderAProduct@7857fe2]" started-at="2023-10-17T15:22:57 IST" name="end" finished-at="2023-10-17T15:22:57 IST" duration-ms="92" status="PASS">
          <reporter-output>
          </reporter-output>
        </test-method> <!-- end -->
        <test-method is-config="true" signature="launchApp()[pri:0, instance:com.Tests.OrderAProduct@7857fe2]" started-at="2023-10-17T15:22:57 IST" name="launchApp" finished-at="2023-10-17T15:22:59 IST" duration-ms="2001" status="PASS">
          <reporter-output>
          </reporter-output>
        </test-method> <!-- launchApp -->
        <test-method signature="SubmitOrd(java.util.HashMap)[pri:0, instance:com.Tests.OrderAProduct@7857fe2]" started-at="2023-10-17T15:22:59 IST" name="SubmitOrd" data-provider="getData" finished-at="2023-10-17T15:23:05 IST" duration-ms="5901" status="PASS">
          <params>
            <param index="0">
              <value>
                <![CDATA[{password=Sampler@234, product=iphone 13 pro, email=Sampler234@gmail.com}]]>
              </value>
            </param>
          </params>
          <reporter-output>
          </reporter-output>
        </test-method> <!-- SubmitOrd -->
        <test-method is-config="true" signature="end()[pri:0, instance:com.Tests.OrderAProduct@7857fe2]" started-at="2023-10-17T15:23:05 IST" name="end" finished-at="2023-10-17T15:23:05 IST" duration-ms="111" status="PASS">
          <reporter-output>
          </reporter-output>
        </test-method> <!-- end -->
      </class> <!-- com.Tests.OrderAProduct -->
    </test> <!-- OrderAProduct -->
  </suite> <!-- Suite -->
</testng-results>
