<?xml version="1.0" encoding="UTF-8"?>
<!-- Generated by org.testng.reporters.JUnitXMLReporter -->
<testsuite ignored="1" hostname="Network_Error" failures="0" tests="1" name="ErrorValidationTest" time="5.941" errors="0" timestamp="2023-10-17T15:22:51 IST">
  <testcase classname="com.Tests.ErrorValidation" name="LoginErrorValidation" time="1.064"/>
  <testcase classname="com.Tests.ErrorValidation" name="ProductValidation" time="0.0">
    <ignored/>
  </testcase> <!-- ProductValidation -->
</testsuite> <!-- ErrorValidationTest -->
