<?xml version="1.0" encoding="UTF-8"?>
<!-- Generated by org.testng.reporters.JUnitXMLReporter -->
<testsuite ignored="0" hostname="Network_Error" failures="0" tests="3" name="OrderAProduct" time="20.261" errors="0" timestamp="2024-02-19T14:56:52 IST">
  <testcase classname="com.Tests.OrderAProduct" name="SubmitOrd" time="5.796"/>
  <testcase classname="com.Tests.OrderAProduct" name="SubmitOrd" time="8.423"/>
  <testcase classname="com.Tests.OrderAProduct" name="OrderHistoryTest" time="0.624"/>
</testsuite> <!-- OrderAProduct -->
