<?xml version="1.0" encoding="UTF-8"?>
<!-- Generated by org.testng.reporters.JUnitXMLReporter -->
<testsuite ignored="1" hostname="Network_Error" failures="0" tests="2" name="OrderAProduct" time="19.179" errors="0" timestamp="2023-10-17T15:23:05 IST">
  <testcase classname="com.Tests.OrderAProduct" name="SubmitOrd" time="5.926"/>
  <testcase classname="com.Tests.OrderAProduct" name="SubmitOrd" time="5.901"/>
  <testcase classname="com.Tests.OrderAProduct" name="OrderHistoryTest" time="0.0">
    <ignored/>
  </testcase> <!-- OrderHistoryTest -->
</testsuite> <!-- OrderAProduct -->
